\BOOKMARK [0][-]{chapter.0}{\376\377\000R\000e\000v\000i\000e\000w\000\040\000o\000f\000\040\000S\000e\000t\000s\000\040\000a\000n\000d\000\040\000M\000a\000t\000h\000e\000m\000a\000t\000i\000c\000a\000l\000\040\000N\000o\000t\000a\000t\000i\000o\000n}{}% 1
\BOOKMARK [1][-]{section.0.1}{\376\377\000S\000e\000t\000\040\000T\000h\000e\000o\000r\000y}{chapter.0}% 2
\BOOKMARK [1][-]{section.0.2}{\376\377\000M\000a\000t\000h\000e\000m\000a\000t\000i\000c\000a\000l\000\040\000N\000o\000t\000a\000t\000i\000o\000n}{chapter.0}% 3
\BOOKMARK [1][-]{section.0.3}{\376\377\000P\000e\000r\000s\000o\000n\000a\000l\000\040\000R\000e\000g\000a\000r\000d\000\040\000o\000n\000\040\000t\000h\000i\000s\000\040\000T\000o\000p\000i\000c}{chapter.0}% 4
\BOOKMARK [0][-]{chapter.1}{\376\377\000P\000r\000o\000p\000o\000s\000i\000t\000i\000o\000n\000a\000l\000\040\000L\000o\000g\000i\000c}{}% 5
\BOOKMARK [1][-]{section.1.1}{\376\377\000P\000r\000o\000p\000o\000s\000i\000t\000i\000o\000n\000a\000l\000\040\000L\000o\000g\000i\000c}{chapter.1}% 6
\BOOKMARK [1][-]{section.1.2}{\376\377\000Q\000u\000a\000n\000t\000i\000f\000i\000e\000r\000s}{chapter.1}% 7
\BOOKMARK [1][-]{section.1.3}{\376\377\000N\000e\000g\000a\000t\000i\000o\000n}{chapter.1}% 8
\BOOKMARK [1][-]{section.1.4}{\376\377\000P\000e\000r\000s\000o\000n\000a\000l\000\040\000T\000h\000o\000u\000g\000h\000t\000s\000\040\000o\000n\000\040\000T\000h\000i\000s\000\040\000T\000o\000p\000i\000c}{chapter.1}% 9
\BOOKMARK [0][-]{chapter.2}{\376\377\000F\000o\000r\000m\000s\000\040\000o\000f\000\040\000P\000r\000o\000o\000f\000s}{}% 10
\BOOKMARK [1][-]{section.2.1}{\376\377\000I\000n\000t\000r\000o\000d\000u\000c\000t\000i\000o\000n\000\040\000t\000o\000\040\000P\000r\000o\000o\000f\000s}{chapter.2}% 11
\BOOKMARK [1][-]{section.2.2}{\376\377\000P\000r\000o\000o\000f\000\040\000T\000e\000c\000h\000n\000i\000q\000u\000e}{chapter.2}% 12
\BOOKMARK [1][-]{section.2.3}{\376\377\000P\000e\000r\000s\000o\000n\000a\000l\000\040\000R\000e\000g\000a\000r\000d\000\040\000o\000n\000\040\000T\000h\000i\000s\000\040\000T\000o\000p\000i\000c}{chapter.2}% 13
\BOOKMARK [0][-]{chapter.3}{\376\377\000M\000a\000t\000h\000e\000m\000a\000t\000i\000c\000a\000l\000\040\000I\000n\000d\000u\000c\000t\000i\000o\000n}{}% 14
\BOOKMARK [1][-]{section.3.1}{\376\377\000I\000n\000t\000r\000o\000d\000u\000c\000t\000i\000o\000n\000\040\000t\000o\000\040\000M\000a\000t\000h\000e\000m\000a\000t\000i\000c\000a\000l\000\040\000I\000n\000d\000u\000c\000t\000i\000o\000n}{chapter.3}% 15
\BOOKMARK [1][-]{section.3.2}{\376\377\000S\000i\000m\000p\000l\000e\000\040\000I\000n\000d\000u\000c\000t\000i\000o\000n\000\040\000a\000n\000d\000\040\000S\000t\000r\000o\000n\000g\000\040\000I\000n\000d\000u\000c\000t\000i\000o\000n}{chapter.3}% 16
\BOOKMARK [1][-]{section.3.3}{\376\377\000B\000u\000i\000l\000d\000-\000U\000p\000\040\000E\000r\000r\000o\000r}{chapter.3}% 17
\BOOKMARK [1][-]{section.3.4}{\376\377\000P\000e\000r\000s\000o\000n\000a\000l\000\040\000R\000e\000g\000a\000r\000d\000\040\000o\000n\000\040\000T\000h\000i\000s\000\040\000T\000o\000p\000i\000c}{chapter.3}% 18
\BOOKMARK [0][-]{chapter.4}{\376\377\000T\000h\000e\000\040\000S\000t\000a\000b\000l\000e\000\040\000M\000a\000t\000c\000h\000i\000n\000g\000\040\000P\000r\000o\000b\000l\000e\000m}{}% 19
\BOOKMARK [1][-]{section.4.1}{\376\377\000D\000e\000s\000c\000r\000i\000p\000t\000i\000o\000n\000\040\000o\000f\000\040\000S\000t\000a\000b\000l\000e\000\040\000M\000a\000t\000c\000h\000i\000n\000g\000\040\000P\000r\000o\000b\000l\000e\000m}{chapter.4}% 20
\BOOKMARK [1][-]{section.4.2}{\376\377\000T\000h\000e\000\040\000P\000r\000o\000p\000e\000r\000t\000i\000e\000s\000\040\000o\000f\000\040\000P\000r\000o\000p\000o\000s\000e\000-\000A\000n\000d\000-\000R\000e\000j\000e\000c\000t\000\040\000A\000l\000g\000o\000r\000i\000t\000h\000m}{chapter.4}% 21
\BOOKMARK [1][-]{section.4.3}{\376\377\000R\000e\000v\000i\000e\000w\000\040\000Q\000u\000e\000s\000t\000i\000o\000n\000s\000\040\000f\000r\000o\000m\000\040\000M\000i\000d\000t\000e\000r\000m}{chapter.4}% 22
\BOOKMARK [1][-]{section.4.4}{\376\377\000P\000e\000r\000s\000o\000n\000a\000l\000\040\000R\000e\000g\000a\000r\000d\000\040\000o\000n\000\040\000T\000h\000i\000s\000\040\000T\000o\000p\000i\000c}{chapter.4}% 23
\BOOKMARK [0][-]{chapter.5}{\376\377\000G\000r\000a\000p\000h\000\040\000T\000h\000e\000o\000r\000y}{}% 24
\BOOKMARK [1][-]{section.5.1}{\376\377\000A\000n\000\040\000I\000n\000t\000r\000o\000d\000u\000c\000t\000i\000o\000n\000\040\000t\000o\000\040\000G\000r\000a\000p\000h\000\040\000T\000h\000e\000o\000r\000y}{chapter.5}% 25
\BOOKMARK [1][-]{section.5.2}{\376\377\000K\000o\000e\000n\000i\000g\000s\000b\000e\000r\000g\000`\000s\000\040\000S\000e\000v\000e\000n\000\040\000B\000r\000i\000d\000g\000e\000s\000\040\000a\000n\000d\000\040\000E\000u\000l\000e\000r\000i\000a\000n\000\040\000T\000o\000u\000r}{chapter.5}% 26
\BOOKMARK [1][-]{section.5.3}{\376\377\000P\000l\000a\000n\000a\000r\000i\000t\000y\000,\000\040\000E\000u\000l\000e\000r\000`\000s\000\040\000F\000o\000r\000m\000u\000l\000a\000,\000\040\000C\000o\000l\000o\000r\000i\000n\000g}{chapter.5}% 27
\BOOKMARK [1][-]{section.5.4}{\376\377\000C\000l\000a\000s\000s\000e\000s\000\040\000o\000f\000\040\000G\000r\000a\000p\000h\000s}{chapter.5}% 28
\BOOKMARK [1][-]{section.5.5}{\376\377\000P\000e\000r\000s\000o\000n\000a\000l\000\040\000R\000e\000g\000a\000r\000d\000\040\000o\000n\000\040\000T\000h\000i\000s\000\040\000T\000o\000p\000i\000c}{chapter.5}% 29
\BOOKMARK [0][-]{chapter.6}{\376\377\000M\000o\000d\000u\000l\000a\000r\000\040\000A\000r\000i\000t\000h\000m\000e\000t\000i\000c\000s}{}% 30
\BOOKMARK [1][-]{section.6.1}{\376\377\000I\000n\000t\000r\000o\000d\000u\000c\000t\000i\000o\000n\000\040\000t\000o\000\040\000M\000o\000d\000u\000l\000a\000r\000\040\000A\000r\000i\000t\000h\000m\000e\000t\000i\000c\000s}{chapter.6}% 31
\BOOKMARK [1][-]{section.6.2}{\376\377\000E\000x\000p\000o\000n\000e\000n\000t\000i\000a\000t\000i\000o\000n}{chapter.6}% 32
\BOOKMARK [1][-]{section.6.3}{\376\377\000B\000i\000j\000e\000c\000t\000i\000o\000n\000s}{chapter.6}% 33
\BOOKMARK [1][-]{section.6.4}{\376\377\000I\000n\000v\000e\000r\000s\000e\000\040\000O\000p\000e\000r\000a\000t\000i\000o\000n\000s}{chapter.6}% 34
\BOOKMARK [1][-]{section.6.5}{\376\377\000C\000h\000i\000n\000e\000s\000e\000\040\000R\000e\000m\000a\000i\000n\000d\000e\000r\000\040\000T\000h\000e\000o\000r\000e\000m}{chapter.6}% 35
\BOOKMARK [1][-]{section.6.6}{\376\377\000P\000e\000r\000s\000o\000n\000a\000l\000\040\000R\000e\000g\000a\000r\000d\000\040\000o\000n\000\040\000T\000h\000i\000s\000\040\000T\000o\000p\000i\000c}{chapter.6}% 36
\BOOKMARK [0][-]{chapter.7}{\376\377\000P\000u\000b\000l\000i\000c\000\040\000K\000e\000y\000\040\000C\000r\000y\000p\000t\000o\000g\000r\000a\000p\000h\000y}{}% 37
\BOOKMARK [1][-]{section.7.1}{\376\377\000I\000n\000t\000r\000o\000d\000u\000c\000t\000i\000o\000n\000\040\000t\000o\000\040\000C\000r\000y\000p\000t\000o\000g\000r\000a\000p\000h\000y}{chapter.7}% 38
\BOOKMARK [1][-]{section.7.2}{\376\377\000C\000r\000y\000p\000t\000o\000g\000r\000a\000p\000h\000y\000\040\000i\000n\000\040\000M\000o\000d\000u\000l\000a\000r\000\040\000A\000r\000i\000t\000h\000m\000e\000t\000i\000c\000s\000\040\000T\000h\000e\000o\000r\000e\000m\000s}{chapter.7}% 39
\BOOKMARK [1][-]{section.7.3}{\376\377\000M\000y\000\040\000P\000e\000r\000s\000o\000n\000a\000l\000\040\000R\000e\000g\000a\000r\000d\000\040\000o\000n\000\040\000T\000h\000i\000s\000\040\000T\000o\000p\000i\000c}{chapter.7}% 40
\BOOKMARK [0][-]{chapter.8}{\376\377\000P\000o\000l\000y\000n\000o\000m\000i\000a\000l\000s}{}% 41
\BOOKMARK [1][-]{section.8.1}{\376\377\000R\000e\000-\000I\000n\000t\000r\000o\000d\000u\000c\000t\000i\000o\000n\000\040\000t\000o\000\040\000P\000o\000l\000y\000n\000o\000m\000i\000a\000l}{chapter.8}% 42
\BOOKMARK [1][-]{section.8.2}{\376\377\000P\000o\000l\000y\000n\000o\000m\000i\000a\000l\000\040\000I\000n\000t\000e\000r\000p\000o\000l\000a\000t\000i\000o\000n}{chapter.8}% 43
\BOOKMARK [1][-]{section.8.3}{\376\377\000R\000e\000-\000I\000n\000t\000r\000o\000d\000u\000c\000i\000n\000g\000\040\000P\000o\000l\000y\000n\000o\000m\000i\000a\000l\000\040\000D\000i\000v\000i\000s\000i\000o\000n}{chapter.8}% 44
\BOOKMARK [1][-]{section.8.4}{\376\377\000I\000n\000t\000e\000r\000l\000u\000d\000e\000:\000\040\000F\000i\000n\000i\000t\000e\000\040\000F\000i\000e\000l\000d\000s}{chapter.8}% 45
\BOOKMARK [1][-]{section.8.5}{\376\377\000S\000e\000c\000r\000e\000t\000\040\000S\000h\000a\000r\000i\000n\000g}{chapter.8}% 46
\BOOKMARK [1][-]{section.8.6}{\376\377\000P\000e\000r\000s\000o\000n\000a\000l\000\040\000R\000e\000g\000a\000r\000d\000\040\000o\000n\000\040\000T\000h\000i\000s\000\040\000T\000o\000p\000i\000c}{chapter.8}% 47
\BOOKMARK [0][-]{chapter.9}{\376\377\000E\000r\000r\000o\000r\000\040\000C\000o\000r\000r\000e\000c\000t\000i\000n\000g\000\040\000C\000o\000d\000e\000s}{}% 48
\BOOKMARK [1][-]{section.9.1}{\376\377\000E\000r\000a\000s\000u\000r\000e\000\040\000E\000r\000r\000o\000r\000s}{chapter.9}% 49
\BOOKMARK [1][-]{section.9.2}{\376\377\000P\000o\000l\000y\000n\000o\000m\000i\000a\000l\000\040\000I\000n\000t\000e\000r\000p\000o\000l\000a\000t\000i\000o\000n\000\040\000i\000n\000\040\000E\000r\000r\000o\000r\000\040\000C\000o\000r\000r\000e\000c\000t\000i\000o\000n}{chapter.9}% 50
\BOOKMARK [1][-]{section.9.3}{\376\377\000G\000e\000n\000e\000r\000a\000l\000\040\000E\000r\000r\000o\000r\000s}{chapter.9}% 51
\BOOKMARK [1][-]{section.9.4}{\376\377\000P\000e\000r\000s\000o\000n\000a\000l\000\040\000R\000e\000g\000a\000r\000d\000\040\000o\000n\000\040\000T\000h\000i\000s\000\040\000T\000o\000p\000i\000c}{chapter.9}% 52
\BOOKMARK [0][-]{chapter.10}{\376\377\000C\000o\000u\000n\000t\000i\000n\000g}{}% 53
\BOOKMARK [1][-]{section.10.1}{\376\377\000S\000a\000m\000p\000l\000i\000n\000g\000\040\000w\000i\000t\000h\000o\000u\000t\000\040\000R\000e\000p\000l\000a\000c\000e\000m\000e\000n\000t}{chapter.10}% 54
\BOOKMARK [1][-]{section.10.2}{\376\377\000S\000a\000m\000p\000l\000i\000n\000g\000\040\000w\000i\000t\000h\000\040\000R\000e\000p\000l\000a\000c\000e\000m\000e\000n\000t}{chapter.10}% 55
\BOOKMARK [1][-]{section.10.3}{\376\377\000C\000o\000m\000b\000i\000n\000a\000t\000o\000r\000i\000a\000l\000\040\000P\000r\000o\000o\000f\000s}{chapter.10}% 56
\BOOKMARK [1][-]{section.10.4}{\376\377\000T\000h\000e\000\040\000P\000r\000i\000n\000c\000i\000p\000l\000e\000\040\000o\000f\000\040\000I\000n\000c\000l\000u\000s\000i\000o\000n\000-\000E\000x\000c\000l\000u\000s\000i\000o\000n}{chapter.10}% 57
\BOOKMARK [1][-]{section.10.5}{\376\377\000P\000e\000r\000s\000o\000n\000a\000l\000\040\000R\000e\000g\000a\000r\000d\000s\000\040\000o\000n\000\040\000t\000h\000i\000s\000\040\000T\000o\000p\000i\000c}{chapter.10}% 58
\BOOKMARK [0][-]{chapter.11}{\376\377\000C\000o\000u\000n\000t\000a\000b\000i\000l\000i\000t\000y}{}% 59
\BOOKMARK [1][-]{section.11.1}{\376\377\000M\000o\000r\000e\000\040\000o\000n\000\040\000B\000i\000j\000e\000c\000t\000i\000o\000n\000s}{chapter.11}% 60
\BOOKMARK [1][-]{section.11.2}{\376\377\000C\000o\000u\000n\000t\000a\000b\000i\000l\000i\000t\000y}{chapter.11}% 61
\BOOKMARK [1][-]{section.11.3}{\376\377\000C\000a\000n\000t\000o\000r\000'\000s\000\040\000D\000i\000a\000g\000o\000n\000a\000l\000i\000z\000a\000t\000i\000o\000n}{chapter.11}% 62
\BOOKMARK [1][-]{section.11.4}{\376\377\000C\000a\000n\000t\000o\000r\000'\000s\000\040\000S\000e\000t}{chapter.11}% 63
\BOOKMARK [1][-]{section.11.5}{\376\377\000P\000o\000w\000e\000r\000\040\000S\000e\000t\000s\000:\000\040\000H\000i\000g\000h\000e\000r\000\040\000O\000r\000d\000e\000r\000\040\000I\000n\000f\000i\000n\000i\000t\000y}{chapter.11}% 64
\BOOKMARK [0][-]{chapter.12}{\376\377\000C\000o\000m\000p\000u\000t\000a\000b\000i\000l\000i\000t\000y}{}% 65
\BOOKMARK [1][-]{section.12.1}{\376\377\000T\000h\000e\000\040\000L\000i\000a\000r\000'\000s\000\040\000P\000a\000r\000a\000d\000o\000x}{chapter.12}% 66
\BOOKMARK [1][-]{section.12.2}{\376\377\000S\000e\000l\000f\000\040\000R\000e\000p\000l\000i\000c\000a\000t\000i\000n\000g\000\040\000P\000r\000o\000g\000r\000a\000m\000s}{chapter.12}% 67
\BOOKMARK [1][-]{section.12.3}{\376\377\000T\000h\000e\000\040\000H\000a\000l\000t\000i\000n\000g\000\040\000P\000r\000o\000b\000l\000e\000m}{chapter.12}% 68
\BOOKMARK [1][-]{section.12.4}{\376\377\000G\000o\000d\000e\000l\000'\000s\000\040\000I\000n\000c\000o\000m\000p\000l\000e\000t\000e\000n\000e\000s\000s\000\040\000T\000h\000e\000o\000r\000e\000m}{chapter.12}% 69
\BOOKMARK [0][-]{chapter.13}{\376\377\000I\000n\000t\000r\000o\000d\000u\000c\000t\000i\000o\000n\000\040\000t\000o\000\040\000D\000i\000s\000c\000r\000e\000t\000e\000\040\000P\000r\000o\000b\000a\000b\000i\000l\000i\000t\000y}{}% 70
\BOOKMARK [1][-]{section.13.1}{\376\377\000R\000a\000n\000d\000o\000m\000\040\000E\000x\000p\000e\000r\000i\000m\000e\000n\000t\000s}{chapter.13}% 71
\BOOKMARK [1][-]{section.13.2}{\376\377\000D\000e\000f\000i\000n\000i\000n\000g\000\040\000P\000r\000o\000b\000a\000b\000i\000l\000i\000t\000y\000\040\000S\000p\000a\000c\000e\000\040\000a\000n\000d\000\040\000E\000v\000e\000n\000t\000s}{chapter.13}% 72
\BOOKMARK [1][-]{section.13.3}{\376\377\000E\000x\000a\000m\000p\000l\000e\000s\000\040\000a\000f\000t\000e\000r\000\040\000E\000x\000a\000m\000p\000l\000e\000s\000\040\000o\000f\000\040\000D\000i\000s\000c\000r\000e\000t\000e\000\040\000P\000r\000o\000b\000a\000b\000i\000l\000i\000t\000y}{chapter.13}% 73
\BOOKMARK [1][-]{section.13.4}{\376\377\000S\000u\000m\000m\000a\000r\000y}{chapter.13}% 74
\BOOKMARK [0][-]{chapter.14}{\376\377\000C\000o\000n\000d\000i\000t\000i\000o\000n\000a\000l\000\040\000P\000r\000o\000b\000a\000b\000i\000l\000i\000t\000y\000,\000\040\000I\000n\000d\000e\000p\000e\000n\000d\000e\000n\000c\000e\000,\000\040\000C\000o\000m\000b\000i\000n\000a\000t\000i\000o\000n\000\040\000o\000f\000\040\000E\000v\000e\000n\000t\000s}{}% 75
\BOOKMARK [1][-]{section.14.1}{\376\377\000C\000o\000n\000d\000i\000t\000i\000o\000n\000a\000l\000\040\000P\000r\000o\000b\000a\000b\000i\000l\000i\000t\000y}{chapter.14}% 76
\BOOKMARK [1][-]{section.14.2}{\376\377\000B\000a\000y\000e\000s\000i\000a\000n\000\040\000I\000n\000f\000e\000r\000e\000n\000e\000c\000e}{chapter.14}% 77
\BOOKMARK [1][-]{section.14.3}{\376\377\000B\000a\000y\000e\000s\000\040\000R\000u\000l\000e\000\040\000a\000n\000d\000\040\000T\000o\000t\000a\000l\000\040\000P\000r\000o\000b\000a\000b\000i\000l\000i\000t\000y\000\040\000R\000u\000l\000e}{chapter.14}% 78
\BOOKMARK [1][-]{section.14.4}{\376\377\000C\000o\000m\000b\000i\000n\000a\000t\000i\000o\000n\000\040\000o\000f\000\040\000E\000v\000e\000n\000t\000s}{chapter.14}% 79
\BOOKMARK [0][-]{chapter.15}{\376\377\000R\000a\000n\000d\000o\000m\000\040\000V\000a\000r\000i\000a\000b\000l\000e\000s\000:\000\040\000D\000i\000s\000t\000r\000i\000b\000u\000t\000i\000o\000n\000\040\000a\000n\000d\000\040\000E\000x\000p\000e\000c\000t\000a\000t\000i\000o\000n}{}% 80
\BOOKMARK [1][-]{section.15.1}{\376\377\000I\000n\000t\000r\000o\000d\000u\000c\000t\000i\000o\000n\000\040\000t\000o\000\040\000R\000a\000n\000d\000o\000m\000\040\000V\000a\000r\000i\000a\000b\000l\000e\000s}{chapter.15}% 81
\BOOKMARK [1][-]{section.15.2}{\376\377\000P\000r\000o\000b\000a\000b\000i\000l\000i\000t\000y\000\040\000D\000i\000s\000t\000r\000i\000b\000u\000t\000i\000o\000n}{chapter.15}% 82
\BOOKMARK [1][-]{section.15.3}{\376\377\000M\000u\000l\000t\000i\000p\000l\000e\000\040\000R\000a\000n\000d\000o\000m\000\040\000V\000a\000r\000i\000a\000b\000l\000e\000s\000\040\000a\000n\000d\000\040\000I\000n\000d\000e\000p\000e\000n\000d\000e\000n\000c\000e}{chapter.15}% 83
\BOOKMARK [1][-]{section.15.4}{\376\377\000E\000x\000p\000e\000c\000t\000a\000t\000i\000o\000n}{chapter.15}% 84
\BOOKMARK [0][-]{chapter.16}{\376\377\000V\000a\000r\000i\000a\000n\000c\000e}{}% 85
\BOOKMARK [1][-]{section.16.1}{\376\377\000F\000u\000n\000c\000t\000i\000o\000n\000s\000\040\000o\000f\000\040\000R\000a\000n\000d\000o\000m\000\040\000V\000a\000r\000i\000a\000b\000l\000e\000s}{chapter.16}% 86
\BOOKMARK [1][-]{section.16.2}{\376\377\000I\000n\000t\000r\000o\000d\000u\000c\000i\000n\000g\000\040\000a\000n\000d\000\040\000D\000e\000f\000i\000n\000i\000n\000g\000\040\000V\000a\000r\000i\000a\000n\000c\000e}{chapter.16}% 87
\BOOKMARK [1][-]{section.16.3}{\376\377\000S\000u\000m\000\040\000o\000f\000\040\000I\000n\000d\000e\000p\000e\000n\000d\000e\000n\000t\000\040\000R\000a\000n\000d\000o\000m\000\040\000V\000a\000r\000i\000a\000b\000l\000e\000s}{chapter.16}% 88
\BOOKMARK [1][-]{section.16.4}{\376\377\000C\000o\000v\000a\000r\000i\000a\000n\000c\000e\000\040\000a\000n\000d\000\040\000C\000o\000r\000r\000e\000l\000a\000t\000i\000o\000n}{chapter.16}% 89
\BOOKMARK [0][-]{chapter.17}{\376\377\000C\000o\000n\000c\000e\000n\000t\000r\000a\000t\000i\000o\000n\000\040\000I\000n\000e\000q\000u\000a\000l\000i\000t\000i\000e\000s\000\040\000a\000n\000d\000\040\000t\000h\000e\000\040\000L\000a\000w\000s\000\040\000o\000f\000\040\000L\000a\000r\000g\000e\000\040\000N\000u\000m\000b\000e\000r\000s}{}% 90
\BOOKMARK [1][-]{section.17.1}{\376\377\000I\000n\000t\000r\000o\000d\000u\000c\000t\000i\000o\000n}{chapter.17}% 91
\BOOKMARK [1][-]{section.17.2}{\376\377\000M\000a\000r\000k\000o\000v\000'\000s\000\040\000I\000n\000e\000q\000u\000a\000l\000i\000t\000y}{chapter.17}% 92
\BOOKMARK [1][-]{section.17.3}{\376\377\000C\000h\000e\000b\000y\000s\000h\000e\000v\000'\000s\000\040\000I\000n\000e\000q\000u\000a\000l\000i\000t\000y}{chapter.17}% 93
\BOOKMARK [1][-]{section.17.4}{\376\377\000T\000h\000e\000\040\000L\000a\000w\000\040\000o\000f\000\040\000L\000a\000r\000g\000e\000\040\000N\000u\000m\000b\000e\000r\000s}{chapter.17}% 94
\BOOKMARK [0][-]{chapter.18}{\376\377\000G\000e\000o\000m\000e\000t\000r\000i\000c\000\040\000a\000n\000d\000\040\000P\000o\000i\000s\000s\000o\000n\000\040\000D\000i\000s\000t\000r\000i\000b\000u\000t\000i\000o\000n\000s}{}% 95
\BOOKMARK [1][-]{section.18.1}{\376\377\000G\000e\000o\000m\000e\000t\000r\000i\000c\000\040\000D\000i\000s\000t\000r\000i\000b\000u\000t\000i\000o\000n}{chapter.18}% 96
\BOOKMARK [1][-]{section.18.2}{\376\377\000P\000o\000i\000s\000s\000o\000n\000\040\000D\000i\000s\000t\000r\000i\000b\000u\000t\000i\000o\000n}{chapter.18}% 97
\BOOKMARK [0][-]{chapter.19}{\376\377\000P\000r\000e\000d\000i\000c\000t\000i\000o\000n\000!}{}% 98
\BOOKMARK [1][-]{section.19.1}{\376\377\000I\000n\000t\000r\000o\000d\000u\000c\000t\000i\000o\000n\000\040\000t\000o\000\040\000P\000r\000e\000d\000i\000c\000t\000i\000o\000n}{chapter.19}% 99
\BOOKMARK [1][-]{section.19.2}{\376\377\000J\000o\000i\000n\000t\000\040\000D\000i\000s\000t\000r\000i\000b\000u\000t\000i\000o\000n\000s\000,\000\040\000C\000o\000n\000d\000i\000t\000i\000o\000n\000a\000l\000\040\000E\000x\000p\000e\000c\000t\000a\000t\000i\000o\000n}{chapter.19}% 100
\BOOKMARK [1][-]{section.19.3}{\376\377\000A\000n\000d\000\040\000M\000o\000v\000i\000n\000g\000\040\000o\000n\000t\000o\000\040\000I\000t\000e\000r\000a\000t\000e\000d\000\040\000E\000x\000p\000e\000c\000t\000a\000t\000i\000o\000n\000\040\000a\000n\000d\000\040\000W\000a\000l\000d\000'\000s\000\040\000I\000d\000e\000n\000t\000i\000t\000y}{chapter.19}% 101
\BOOKMARK [1][-]{section.19.4}{\376\377\000M\000i\000n\000i\000m\000a\000l\000\040\000M\000e\000a\000n\000\040\000S\000q\000u\000a\000r\000e\000\040\000E\000r\000r\000o\000r\000?}{chapter.19}% 102
\BOOKMARK [1][-]{section.19.5}{\376\377\000L\000i\000n\000e\000a\000r\000\040\000R\000e\000g\000r\000e\000s\000s\000i\000o\000n}{chapter.19}% 103
\BOOKMARK [1][-]{section.19.6}{\376\377\000O\000t\000h\000e\000r\000\040\000M\000o\000d\000i\000f\000i\000c\000a\000t\000i\000o\000n\000s\000:\000\040\000S\000t\000a\000t\000i\000s\000t\000i\000c\000s\000,\000\040\000O\000t\000h\000e\000r\000\040\000E\000r\000r\000o\000r\000s\000,\000\040\000M\000u\000l\000t\000i\000v\000a\000r\000i\000a\000t\000e\000\040\000R\000e\000g\000r\000e\000s\000s\000i\000o\000n}{chapter.19}% 104
\BOOKMARK [0][-]{chapter.20}{\376\377\000C\000o\000n\000t\000i\000n\000u\000o\000u\000s\000\040\000P\000r\000o\000b\000a\000b\000i\000l\000t\000y\000\040\000D\000i\000s\000t\000r\000i\000b\000u\000t\000i\000o\000n\000s}{}% 105
\BOOKMARK [1][-]{section.20.1}{\376\377\000I\000n\000t\000r\000o\000d\000u\000c\000t\000i\000o\000n}{chapter.20}% 106
\BOOKMARK [1][-]{section.20.2}{\376\377\000C\000o\000n\000t\000i\000n\000u\000o\000u\000s\000\040\000R\000a\000n\000d\000o\000m\000\040\000V\000a\000r\000i\000a\000b\000l\000e\000s}{chapter.20}% 107
\BOOKMARK [1][-]{section.20.3}{\376\377\000E\000x\000p\000o\000n\000e\000n\000t\000i\000a\000l\000\040\000D\000i\000s\000t\000r\000i\000b\000u\000t\000i\000o\000n}{chapter.20}% 108
\BOOKMARK [1][-]{section.20.4}{\376\377\000N\000o\000r\000m\000a\000l\000\040\000D\000i\000s\000t\000r\000i\000b\000u\000t\000i\000o\000n}{chapter.20}% 109
\BOOKMARK [1][-]{section.20.5}{\376\377\000C\000e\000n\000t\000r\000a\000l\000\040\000L\000i\000m\000i\000t\000\040\000T\000h\000e\000o\000r\000e\000m}{chapter.20}% 110
